SF:lib/features/pokemon/data/models/next_evolution_model.dart
DA:6,4
DA:12,3
DA:13,3
DA:14,6
DA:15,3
DA:16,3
DA:20,1
DA:21,1
DA:22,1
DA:23,1
LF:10
LH:10
end_of_record
SF:lib/core/constants/urls_constants.dart
DA:4,3
DA:5,3
LF:2
LH:2
end_of_record
SF:lib/core/errors/failure.dart
DA:4,3
DA:7,1
DA:8,2
DA:12,4
DA:16,4
LF:5
LH:5
end_of_record
SF:lib/features/pokemon/data/datasources/remote_data_source.dart
DA:12,1
DA:15,1
DA:17,2
DA:19,2
DA:20,2
DA:21,3
DA:22,1
DA:23,1
DA:25,1
LF:9
LH:9
end_of_record
SF:lib/features/pokemon/data/models/pokemon_model.dart
DA:7,3
DA:19,2
DA:20,2
DA:21,2
DA:22,2
DA:23,2
DA:24,4
DA:25,4
DA:26,2
DA:27,2
DA:28,4
DA:29,4
DA:31,8
DA:32,1
DA:36,1
DA:37,1
DA:38,1
DA:39,1
DA:40,1
DA:41,1
DA:42,1
DA:43,1
DA:44,1
DA:45,1
DA:46,1
DA:47,1
DA:48,2
DA:49,1
DA:50,1
DA:53,1
LF:30
LH:30
end_of_record
SF:lib/features/pokemon/domain/entities/next_evolution.dart
DA:4,5
DA:13,3
DA:14,3
DA:15,3
DA:16,3
DA:17,3
LF:6
LH:6
end_of_record
SF:lib/features/pokemon/domain/entities/pokemon.dart
DA:6,4
DA:27,2
DA:28,2
DA:29,2
DA:30,2
DA:31,2
DA:32,2
DA:33,2
DA:34,2
DA:35,2
DA:36,2
DA:37,2
LF:12
LH:12
end_of_record
SF:lib/features/pokemon/data/repositories/pokemon_repository_impl.dart
DA:12,1
DA:15,1
DA:18,2
DA:19,1
DA:20,1
DA:22,1
LF:6
LH:6
end_of_record
SF:lib/features/pokemon/domain/usecases/get_all_pokemons.dart
DA:7,1
DA:10,1
DA:11,2
LF:3
LH:3
end_of_record
